<?xml version="1.0" encoding="UTF-8"?>
<!-- Generated by org.testng.reporters.JUnitReportReporter -->
<testsuite skipped="0" hostname="DESKTOP-VDPKRQ7" name="org.cts.Project1.Testnew" tests="1" failures="0" timestamp="17 Feb 2020 07:12:55 GMT" time="62.480" errors="0">
  <testcase name="Login" time="62.480" classname="org.cts.Project1.Testnew"/>
</testsuite> <!-- org.cts.Project1.Testnew -->
